TN:
SF:src/app.js
FN:24,(anonymous_0)
FN:41,(anonymous_1)
FN:46,(anonymous_2)
FNF:3
FNH:0
FNDA:0,(anonymous_0)
FNDA:0,(anonymous_1)
FNDA:0,(anonymous_2)
DA:1,11
DA:3,11
DA:4,11
DA:5,11
DA:6,11
DA:8,11
DA:9,11
DA:10,11
DA:11,11
DA:12,11
DA:13,11
DA:14,11
DA:15,11
DA:16,11
DA:17,11
DA:18,11
DA:20,11
DA:21,11
DA:22,11
DA:24,11
DA:25,0
DA:28,11
DA:29,11
DA:31,11
DA:32,11
DA:33,11
DA:34,11
DA:35,11
DA:36,11
DA:37,11
DA:38,11
DA:39,11
DA:41,11
DA:42,0
DA:46,11
DA:47,0
DA:48,0
DA:51,11
LF:38
LH:34
BRF:0
BRH:0
end_of_record
TN:
SF:src/controllers/auth.controller.js
FN:9,signToken
FN:13,register
FN:39,login
FN:56,me
FN:66,createAvatar
FN:110,updateProfilePhoto
FNF:6
FNH:6
FNDA:4,signToken
FNDA:5,register
FNDA:3,login
FNDA:2,me
FNDA:2,createAvatar
FNDA:2,updateProfilePhoto
DA:1,11
DA:2,11
DA:3,11
DA:4,11
DA:5,11
DA:6,11
DA:7,11
DA:10,4
DA:14,5
DA:15,5
DA:16,5
DA:18,4
DA:19,2
DA:20,2
DA:23,3
DA:24,3
DA:26,2
DA:27,2
DA:30,2
DA:32,2
DA:33,2
DA:35,0
DA:40,3
DA:41,3
DA:42,3
DA:43,3
DA:45,2
DA:46,2
DA:47,1
DA:49,1
DA:50,1
DA:52,0
DA:57,2
DA:58,2
DA:59,2
DA:60,1
DA:62,0
DA:67,2
DA:80,2
DA:82,2
DA:84,1
DA:102,1
DA:104,1
DA:106,0
DA:111,2
DA:112,2
DA:113,2
DA:115,1
DA:119,1
DA:120,1
DA:122,0
DA:126,11
LF:52
LH:47
BRDA:16,0,0,1
BRDA:16,0,1,4
BRDA:16,1,0,5
BRDA:16,1,1,4
BRDA:16,1,2,4
BRDA:18,2,0,2
BRDA:18,2,1,2
BRDA:20,3,0,1
BRDA:20,3,1,1
BRDA:24,4,0,1
BRDA:24,4,1,2
BRDA:28,5,0,2
BRDA:28,5,1,1
BRDA:43,6,0,1
BRDA:43,6,1,2
BRDA:46,7,0,1
BRDA:46,7,1,1
BRDA:59,8,0,1
BRDA:59,8,1,1
BRDA:82,9,0,1
BRDA:82,9,1,1
BRDA:113,10,0,1
BRDA:113,10,1,1
BRF:23
BRH:23
end_of_record
TN:
SF:src/controllers/avatar.controller.js
FN:6,getAvatar
FN:21,(anonymous_1)
FN:24,(anonymous_2)
FN:57,equipItem
FN:70,(anonymous_4)
FN:77,(anonymous_5)
FN:78,(anonymous_6)
FN:101,getFaceOptions
FNF:8
FNH:6
FNDA:2,getAvatar
FNDA:1,(anonymous_1)
FNDA:1,(anonymous_2)
FNDA:4,equipItem
FNDA:1,(anonymous_4)
FNDA:0,(anonymous_5)
FNDA:0,(anonymous_6)
FNDA:1,getFaceOptions
DA:1,11
DA:2,11
DA:3,11
DA:4,11
DA:7,2
DA:8,2
DA:9,2
DA:18,2
DA:20,1
DA:21,1
DA:23,1
DA:24,1
DA:27,1
DA:53,0
DA:58,4
DA:59,4
DA:60,4
DA:62,3
DA:67,3
DA:68,2
DA:70,1
DA:72,1
DA:76,1
DA:77,0
DA:78,0
DA:80,1
DA:81,0
DA:87,1
DA:90,1
DA:95,1
DA:97,0
DA:102,1
DA:105,11
LF:33
LH:28
BRDA:18,0,0,1
BRDA:18,0,1,1
BRDA:21,1,0,1
BRDA:21,1,1,1
BRDA:24,2,0,1
BRDA:24,2,1,0
BRDA:24,2,2,0
BRDA:60,3,0,1
BRDA:60,3,1,3
BRDA:67,4,0,1
BRDA:67,4,1,2
BRDA:67,5,0,3
BRDA:67,5,1,2
BRDA:68,6,0,1
BRDA:68,6,1,1
BRDA:80,7,0,0
BRDA:80,7,1,1
BRF:17
BRH:14
end_of_record
TN:
SF:src/controllers/battle.controller.js
FN:6,challenge
FN:21,(anonymous_1)
FN:67,history
FN:81,(anonymous_3)
FN:99,leaderboard
FN:112,(anonymous_5)
FN:117,(anonymous_6)
FN:119,(anonymous_7)
FN:122,(anonymous_8)
FNF:9
FNH:8
FNDA:5,challenge
FNDA:1,(anonymous_1)
FNDA:2,history
FNDA:1,(anonymous_3)
FNDA:1,leaderboard
FNDA:1,(anonymous_5)
FNDA:1,(anonymous_6)
FNDA:1,(anonymous_7)
FNDA:0,(anonymous_8)
DA:1,11
DA:2,11
DA:3,11
DA:4,11
DA:7,5
DA:8,5
DA:9,5
DA:11,5
DA:12,4
DA:13,3
DA:14,2
DA:17,1
DA:18,1
DA:19,1
DA:21,1
DA:22,1
DA:34,1
DA:35,1
DA:41,1
DA:43,1
DA:55,1
DA:63,0
DA:68,2
DA:69,2
DA:70,2
DA:81,2
DA:82,1
DA:83,1
DA:84,1
DA:93,2
DA:95,0
DA:100,1
DA:101,1
DA:102,1
DA:103,1
DA:105,1
DA:111,1
DA:112,1
DA:116,1
DA:117,1
DA:119,1
DA:122,0
DA:124,1
DA:126,0
DA:130,11
LF:45
LH:41
BRDA:11,0,0,1
BRDA:11,0,1,4
BRDA:12,1,0,1
BRDA:12,1,1,3
BRDA:13,2,0,2
BRDA:13,2,1,1
BRDA:13,3,0,3
BRDA:13,3,1,2
BRDA:34,4,0,1
BRDA:34,4,1,0
BRDA:83,5,0,1
BRDA:83,5,1,0
BRDA:86,6,0,1
BRDA:86,6,1,0
BRDA:88,7,0,1
BRDA:88,7,1,0
BRDA:119,8,0,1
BRDA:119,8,1,0
BRF:18
BRH:13
end_of_record
TN:
SF:src/controllers/checkin.controller.js
FN:10,createCheckin
FN:24,(anonymous_1)
FN:69,(anonymous_2)
FN:76,getUserCheckins
FNF:4
FNH:3
FNDA:3,createCheckin
FNDA:1,(anonymous_1)
FNDA:0,(anonymous_2)
FNDA:2,getUserCheckins
DA:1,11
DA:2,11
DA:3,11
DA:4,11
DA:8,11
DA:11,3
DA:12,3
DA:13,3
DA:14,3
DA:16,2
DA:17,2
DA:20,2
DA:22,1
DA:24,1
DA:28,1
DA:29,1
DA:30,1
DA:32,1
DA:43,1
DA:45,1
DA:54,1
DA:62,1
DA:65,1
DA:69,0
DA:72,0
DA:77,2
DA:78,2
DA:79,2
DA:80,2
DA:82,1
DA:87,1
DA:89,0
DA:93,11
LF:33
LH:30
BRDA:13,0,0,0
BRDA:13,0,1,3
BRDA:14,1,0,1
BRDA:14,1,1,2
BRDA:20,2,0,1
BRDA:20,2,1,1
BRDA:80,3,0,1
BRDA:80,3,1,1
BRF:8
BRH:7
end_of_record
TN:
SF:src/controllers/competition.controller.js
FN:5,nowMonthYear
FN:10,computeTopThree
FN:13,(anonymous_2)
FN:14,(anonymous_3)
FN:18,getCurrentCompetition
FN:32,(anonymous_5)
FN:44,getCompetitionHistory
FN:63,closeCompetitionInternal
FN:79,(anonymous_8)
FN:119,(anonymous_9)
FN:120,(anonymous_10)
FN:124,closeCompetition
FNF:12
FNH:12
FNDA:5,nowMonthYear
FNDA:2,computeTopThree
FNDA:4,(anonymous_2)
FNDA:2,(anonymous_3)
FNDA:2,getCurrentCompetition
FNDA:2,(anonymous_5)
FNDA:1,getCompetitionHistory
FNDA:1,closeCompetitionInternal
FNDA:1,(anonymous_8)
FNDA:3,(anonymous_9)
FNDA:2,(anonymous_10)
FNDA:2,closeCompetition
DA:1,11
DA:2,11
DA:3,11
DA:6,5
DA:7,5
DA:11,2
DA:12,2
DA:13,4
DA:14,2
DA:15,2
DA:19,2
DA:20,2
DA:21,2
DA:23,2
DA:26,2
DA:28,1
DA:30,1
DA:32,2
DA:40,0
DA:45,1
DA:46,1
DA:47,1
DA:57,1
DA:59,0
DA:64,1
DA:65,1
DA:68,1
DA:70,1
DA:71,1
DA:73,1
DA:79,1
DA:80,1
DA:81,3
DA:83,2
DA:89,2
DA:91,2
DA:103,1
DA:114,1
DA:119,3
DA:120,2
DA:125,2
DA:126,2
DA:127,1
DA:128,1
DA:130,0
DA:134,11
LF:46
LH:43
BRDA:26,0,0,1
BRDA:26,0,1,1
BRDA:68,1,0,0
BRDA:68,1,1,1
BRDA:81,2,0,1
BRDA:81,2,1,2
BRDA:115,3,0,1
BRDA:115,3,1,0
BRDA:116,4,0,1
BRDA:116,4,1,0
BRDA:117,5,0,1
BRDA:117,5,1,1
BRDA:126,6,0,1
BRDA:126,6,1,1
BRF:14
BRH:11
end_of_record
TN:
SF:src/controllers/gym.controller.js
FN:6,createGym
FN:11,(anonymous_1)
FN:33,getGym
FN:60,getGymMembers
FNF:4
FNH:4
FNDA:3,createGym
FNDA:1,(anonymous_1)
FNDA:3,getGym
FNDA:2,getGymMembers
DA:1,11
DA:2,11
DA:3,11
DA:4,11
DA:7,3
DA:8,3
DA:9,3
DA:11,1
DA:12,1
DA:14,1
DA:19,1
DA:25,1
DA:27,1
DA:29,0
DA:34,3
DA:35,3
DA:36,3
DA:41,3
DA:43,2
DA:44,2
DA:48,2
DA:56,0
DA:61,2
DA:62,2
DA:63,2
DA:64,2
DA:66,1
DA:81,1
DA:83,0
DA:87,11
LF:30
LH:27
BRDA:9,0,0,2
BRDA:9,0,1,1
BRDA:9,1,0,3
BRDA:9,1,1,2
BRDA:41,2,0,1
BRDA:41,2,1,2
BRDA:53,3,0,2
BRDA:53,3,1,1
BRDA:64,4,0,1
BRDA:64,4,1,1
BRF:10
BRH:10
end_of_record
TN:
SF:src/controllers/leaderboard.controller.js
FN:5,xpLeaderboard
FN:26,(anonymous_1)
FN:46,bodybuildingLeaderboard
FN:52,(anonymous_3)
FN:61,(anonymous_4)
FN:62,(anonymous_5)
FNF:6
FNH:6
FNDA:2,xpLeaderboard
FNDA:2,(anonymous_1)
FNDA:1,bodybuildingLeaderboard
FNDA:2,(anonymous_3)
FNDA:1,(anonymous_4)
FNDA:2,(anonymous_5)
DA:1,11
DA:2,11
DA:3,11
DA:6,2
DA:7,2
DA:8,2
DA:26,2
DA:40,2
DA:42,0
DA:47,1
DA:48,1
DA:49,1
DA:51,1
DA:52,2
DA:61,1
DA:62,2
DA:64,1
DA:66,0
DA:70,11
LF:19
LH:17
BRF:0
BRH:0
end_of_record
TN:
SF:src/controllers/purchase.controller.js
FN:4,createPurchase
FN:30,getUserPurchases
FNF:2
FNH:2
FNDA:7,createPurchase
FNDA:2,getUserPurchases
DA:1,11
DA:2,11
DA:5,7
DA:6,7
DA:7,7
DA:8,4
DA:11,3
DA:12,3
DA:14,2
DA:15,2
DA:20,2
DA:24,2
DA:26,0
DA:31,2
DA:32,2
DA:33,2
DA:34,2
DA:36,1
DA:41,1
DA:43,0
DA:47,11
LF:21
LH:19
BRDA:7,0,0,4
BRDA:7,0,1,3
BRDA:7,1,0,7
BRDA:7,1,1,6
BRDA:7,1,2,5
BRDA:7,1,3,4
BRDA:12,2,0,1
BRDA:12,2,1,2
BRDA:34,3,0,1
BRDA:34,3,1,1
BRF:10
BRH:10
end_of_record
TN:
SF:src/controllers/referral.controller.js
FN:5,createReferral
FN:25,(anonymous_1)
FNF:2
FNH:2
FNDA:6,createReferral
FNDA:1,(anonymous_1)
DA:1,11
DA:2,11
DA:3,11
DA:6,6
DA:7,6
DA:8,6
DA:10,5
DA:11,5
DA:13,5
DA:14,4
DA:15,3
DA:17,2
DA:20,2
DA:22,1
DA:23,1
DA:25,1
DA:26,1
DA:32,1
DA:39,1
DA:40,1
DA:42,1
DA:53,1
DA:65,1
DA:75,1
DA:77,0
DA:81,11
LF:26
LH:25
BRDA:8,0,0,1
BRDA:8,0,1,5
BRDA:13,1,0,1
BRDA:13,1,1,4
BRDA:14,2,0,1
BRDA:14,2,1,3
BRDA:15,3,0,1
BRDA:15,3,1,2
BRDA:20,4,0,1
BRDA:20,4,1,1
BRF:10
BRH:10
end_of_record
TN:
SF:src/controllers/session.controller.js
FN:6,activeSessionsFilter
FN:17,createSession
FN:46,(anonymous_2)
FN:57,getSessions
FN:77,joinSession
FN:118,cancelSession
FN:137,(anonymous_6)
FN:151,savePushToken
FN:164,getMessages
FN:186,sendMessage
FNF:10
FNH:8
FNDA:1,activeSessionsFilter
FNDA:5,createSession
FNDA:0,(anonymous_2)
FNDA:1,getSessions
FNDA:7,joinSession
FNDA:3,cancelSession
FNDA:0,(anonymous_6)
FNDA:2,savePushToken
FNDA:4,getMessages
FNDA:4,sendMessage
DA:1,11
DA:2,11
DA:3,11
DA:7,1
DA:8,1
DA:9,1
DA:10,1
DA:18,5
DA:19,5
DA:20,5
DA:22,4
DA:23,4
DA:25,2
DA:26,2
DA:28,1
DA:41,1
DA:46,1
DA:47,1
DA:48,1
DA:49,1
DA:51,1
DA:53,0
DA:58,1
DA:59,1
DA:60,1
DA:62,1
DA:71,1
DA:73,0
DA:78,7
DA:79,7
DA:80,7
DA:81,7
DA:83,7
DA:88,7
DA:89,6
DA:90,5
DA:91,4
DA:94,3
DA:95,1
DA:98,2
DA:103,1
DA:104,0
DA:111,1
DA:113,1
DA:114,0
DA:119,3
DA:120,3
DA:121,3
DA:123,3
DA:131,3
DA:132,2
DA:134,1
DA:137,1
DA:138,1
DA:139,0
DA:142,0
DA:145,1
DA:147,0
DA:152,2
DA:153,2
DA:154,2
DA:156,1
DA:158,1
DA:160,0
DA:165,4
DA:166,4
DA:167,4
DA:168,4
DA:171,3
DA:172,3
DA:174,2
DA:180,2
DA:182,0
DA:187,4
DA:188,4
DA:189,4
DA:190,4
DA:192,3
DA:193,3
DA:194,3
DA:196,2
DA:197,2
DA:199,1
DA:204,1
DA:206,0
DA:210,11
LF:86
LH:76
BRDA:20,0,0,1
BRDA:20,0,1,4
BRDA:23,1,0,2
BRDA:23,1,1,2
BRDA:23,2,0,4
BRDA:23,2,1,3
BRDA:26,3,0,1
BRDA:26,3,1,1
BRDA:34,4,0,1
BRDA:34,4,1,0
BRDA:35,5,0,1
BRDA:35,5,1,1
BRDA:60,6,0,0
BRDA:60,6,1,1
BRDA:81,7,0,0
BRDA:81,7,1,7
BRDA:88,8,0,1
BRDA:88,8,1,6
BRDA:89,9,0,1
BRDA:89,9,1,5
BRDA:90,10,0,1
BRDA:90,10,1,4
BRDA:91,11,0,1
BRDA:91,11,1,3
BRDA:94,12,0,1
BRDA:94,12,1,2
BRDA:94,13,0,3
BRDA:94,13,1,3
BRDA:103,14,0,0
BRDA:103,14,1,1
BRDA:113,15,0,1
BRDA:113,15,1,0
BRDA:131,16,0,1
BRDA:131,16,1,2
BRDA:132,17,0,1
BRDA:132,17,1,1
BRDA:138,18,0,0
BRDA:138,18,1,1
BRDA:139,19,0,0
BRDA:139,19,1,0
BRDA:154,20,0,1
BRDA:154,20,1,1
BRDA:168,21,0,1
BRDA:168,21,1,3
BRDA:172,22,0,1
BRDA:172,22,1,2
BRDA:172,23,0,3
BRDA:172,23,1,2
BRDA:190,24,0,1
BRDA:190,24,1,3
BRDA:193,25,0,0
BRDA:193,25,1,3
BRDA:194,26,0,1
BRDA:194,26,1,2
BRDA:197,27,0,1
BRDA:197,27,1,1
BRDA:197,28,0,2
BRDA:197,28,1,1
BRF:58
BRH:49
end_of_record
TN:
SF:src/controllers/shop.controller.js
FN:4,getShop
FN:8,(anonymous_1)
FN:9,(anonymous_2)
FN:17,buyItem
FN:60,getInventory
FN:74,(anonymous_5)
FN:76,(anonymous_6)
FNF:7
FNH:7
FNDA:1,getShop
FNDA:2,(anonymous_1)
FNDA:2,(anonymous_2)
FNDA:5,buyItem
FNDA:2,getInventory
FNDA:2,(anonymous_5)
FNDA:2,(anonymous_6)
DA:1,11
DA:2,11
DA:5,1
DA:6,1
DA:7,1
DA:8,2
DA:9,2
DA:11,1
DA:13,0
DA:18,5
DA:19,5
DA:20,5
DA:21,5
DA:23,5
DA:24,4
DA:26,3
DA:27,1
DA:30,1
DA:33,2
DA:37,2
DA:54,2
DA:56,0
DA:61,2
DA:62,2
DA:63,2
DA:64,2
DA:66,1
DA:72,1
DA:73,1
DA:74,2
DA:76,2
DA:78,1
DA:80,0
DA:84,11
LF:34
LH:31
BRDA:23,0,0,1
BRDA:23,0,1,4
BRDA:24,1,0,1
BRDA:24,1,1,3
BRDA:26,2,0,1
BRDA:26,2,1,2
BRDA:30,3,0,1
BRDA:30,3,1,0
BRDA:33,4,0,2
BRDA:33,4,1,0
BRDA:64,5,0,1
BRDA:64,5,1,1
BRDA:74,6,0,2
BRDA:74,6,1,1
BRDA:74,6,2,1
BRDA:74,6,3,0
BRF:16
BRH:13
end_of_record
TN:
SF:src/jobs/dailyDecay.js
FN:5,runDailyDecay
FNF:1
FNH:1
FNDA:6,runDailyDecay
DA:1,1
DA:2,1
DA:3,1
DA:6,6
DA:7,6
DA:9,6
DA:11,6
DA:12,6
DA:14,5
DA:15,5
DA:19,5
DA:20,4
DA:29,4
DA:31,1
DA:37,3
DA:41,5
DA:43,2
DA:44,2
DA:52,2
DA:63,1
LF:20
LH:20
BRDA:12,0,0,1
BRDA:12,0,1,5
BRDA:19,1,0,4
BRDA:19,1,1,1
BRDA:29,2,0,1
BRDA:29,2,1,3
BRDA:41,3,0,3
BRDA:41,3,1,2
BRF:8
BRH:8
end_of_record
TN:
SF:src/jobs/expireItems.js
FN:3,runExpireItems
FNF:1
FNH:1
FNDA:1,runExpireItems
DA:1,1
DA:4,1
DA:7,1
LF:3
LH:3
BRF:0
BRH:0
end_of_record
TN:
SF:src/jobs/monthlyReset.js
FN:4,closeAndRewardCompetition
FN:7,(anonymous_1)
FN:8,(anonymous_2)
FN:50,runMonthlyReset
FN:55,(anonymous_4)
FNF:5
FNH:4
FNDA:1,closeAndRewardCompetition
FNDA:1,(anonymous_1)
FNDA:0,(anonymous_2)
FNDA:2,runMonthlyReset
FNDA:2,(anonymous_4)
DA:1,1
DA:2,1
DA:5,1
DA:6,1
DA:7,1
DA:8,0
DA:10,1
DA:11,1
DA:17,1
DA:18,3
DA:19,1
DA:25,1
DA:27,1
DA:39,1
DA:51,2
DA:52,2
DA:53,2
DA:55,2
DA:56,2
DA:57,2
DA:58,1
DA:61,2
DA:62,2
DA:63,2
DA:66,2
DA:67,1
DA:79,2
DA:83,1
LF:28
LH:27
BRDA:18,0,0,2
BRDA:18,0,1,1
BRDA:66,1,0,1
BRDA:66,1,1,1
BRF:4
BRH:4
end_of_record
TN:
SF:src/middleware/auth.js
FN:5,auth
FNF:1
FNH:1
FNDA:104,auth
DA:1,12
DA:2,12
DA:3,12
DA:6,104
DA:7,104
DA:8,7
DA:11,97
DA:12,97
DA:13,97
DA:14,95
DA:15,95
DA:16,94
DA:17,94
DA:19,2
DA:23,12
LF:15
LH:15
BRDA:7,0,0,7
BRDA:7,0,1,97
BRDA:7,1,0,104
BRDA:7,1,1,98
BRDA:15,2,0,1
BRDA:15,2,1,94
BRF:6
BRH:6
end_of_record
TN:
SF:src/middleware/avatarCreated.js
FN:3,avatarCreated
FNF:1
FNH:1
FNDA:83,avatarCreated
DA:1,12
DA:4,83
DA:5,3
DA:7,80
DA:10,12
LF:5
LH:5
BRDA:4,0,0,3
BRDA:4,0,1,80
BRF:2
BRH:2
end_of_record
TN:
SF:src/middleware/isGymOwner.js
FN:3,isGymOwner
FNF:1
FNH:1
FNDA:5,isGymOwner
DA:1,12
DA:4,5
DA:5,3
DA:8,12
LF:4
LH:4
BRDA:4,0,0,2
BRDA:4,0,1,3
BRF:2
BRH:2
end_of_record
TN:
SF:src/routes/auth.routes.js
FNF:0
FNH:0
DA:1,11
DA:2,11
DA:3,11
DA:5,11
DA:7,11
DA:8,11
DA:9,11
DA:10,11
DA:11,11
DA:13,11
LF:10
LH:10
BRF:0
BRH:0
end_of_record
TN:
SF:src/routes/avatar.routes.js
FNF:0
FNH:0
DA:1,11
DA:2,11
DA:3,11
DA:4,11
DA:6,11
DA:8,11
DA:9,11
DA:10,11
DA:12,11
LF:9
LH:9
BRF:0
BRH:0
end_of_record
TN:
SF:src/routes/battle.routes.js
FNF:0
FNH:0
DA:1,11
DA:2,11
DA:4,11
DA:6,11
DA:7,11
DA:8,11
DA:10,11
LF:7
LH:7
BRF:0
BRH:0
end_of_record
TN:
SF:src/routes/checkin.routes.js
FNF:0
FNH:0
DA:1,11
DA:2,11
DA:4,11
DA:6,11
DA:7,11
DA:9,11
LF:6
LH:6
BRF:0
BRH:0
end_of_record
TN:
SF:src/routes/competition.routes.js
FNF:0
FNH:0
DA:1,11
DA:2,11
DA:7,11
DA:9,11
DA:11,11
DA:12,11
DA:13,11
DA:15,11
LF:8
LH:8
BRF:0
BRH:0
end_of_record
TN:
SF:src/routes/gym.routes.js
FNF:0
FNH:0
DA:1,11
DA:2,11
DA:3,11
DA:5,11
DA:7,11
DA:8,11
DA:9,11
DA:11,11
LF:8
LH:8
BRF:0
BRH:0
end_of_record
TN:
SF:src/routes/leaderboard.routes.js
FNF:0
FNH:0
DA:1,11
DA:2,11
DA:4,11
DA:6,11
DA:7,11
DA:9,11
LF:6
LH:6
BRF:0
BRH:0
end_of_record
TN:
SF:src/routes/purchase.routes.js
FNF:0
FNH:0
DA:1,11
DA:2,11
DA:4,11
DA:6,11
DA:7,11
DA:9,11
LF:6
LH:6
BRF:0
BRH:0
end_of_record
TN:
SF:src/routes/referral.routes.js
FNF:0
FNH:0
DA:1,11
DA:2,11
DA:4,11
DA:6,11
DA:8,11
LF:5
LH:5
BRF:0
BRH:0
end_of_record
TN:
SF:src/routes/session.routes.js
FNF:0
FNH:0
DA:1,11
DA:2,11
DA:4,11
DA:6,11
DA:7,11
DA:8,11
DA:9,11
DA:10,11
DA:11,11
DA:12,11
DA:14,11
LF:11
LH:11
BRF:0
BRH:0
end_of_record
TN:
SF:src/routes/shop.routes.js
FNF:0
FNH:0
DA:1,11
DA:2,11
DA:4,11
DA:6,11
DA:7,11
DA:8,11
DA:10,11
LF:7
LH:7
BRF:0
BRH:0
end_of_record
TN:
SF:src/services/avatarService.js
FN:3,getBodyStage
FN:11,getCompetitionScore
FN:15,getAvatarProgress
FNF:3
FNH:3
FNDA:22,getBodyStage
FNDA:13,getCompetitionScore
FNDA:11,getAvatarProgress
DA:1,13
DA:4,22
DA:5,20
DA:6,18
DA:7,16
DA:8,12
DA:12,13
DA:16,11
DA:17,11
DA:23,13
LF:10
LH:10
BRDA:4,0,0,2
BRDA:4,0,1,20
BRDA:5,1,0,2
BRDA:5,1,1,18
BRDA:6,2,0,2
BRDA:6,2,1,16
BRDA:7,3,0,4
BRDA:7,3,1,12
BRF:8
BRH:8
end_of_record
TN:
SF:src/services/battleService.js
FN:5,calculateProbabilities
FN:20,rollWinner
FNF:2
FNH:2
FNDA:6,calculateProbabilities
FNDA:6,rollWinner
DA:3,12
DA:7,6
DA:10,6
DA:12,6
DA:14,6
DA:15,6
DA:17,6
DA:21,6
DA:24,12
LF:9
LH:9
BRDA:8,0,0,6
BRDA:8,0,1,3
BRDA:11,1,0,6
BRDA:11,1,1,5
BRDA:21,2,0,4
BRDA:21,2,1,2
BRF:6
BRH:6
end_of_record
TN:
SF:src/services/notificationService.js
FN:1,sendPushNotifications
FN:2,(anonymous_1)
FN:5,(anonymous_2)
FNF:3
FNH:0
FNDA:0,sendPushNotifications
FNDA:0,(anonymous_1)
FNDA:0,(anonymous_2)
DA:2,0
DA:3,0
DA:5,0
DA:7,0
DA:8,0
DA:14,0
DA:18,11
LF:7
LH:1
BRDA:1,0,0,0
BRDA:2,1,0,0
BRDA:2,1,1,0
BRDA:3,2,0,0
BRDA:3,2,1,0
BRF:5
BRH:0
end_of_record
TN:
SF:src/services/profileService.js
FN:4,buildUserProfile
FN:18,(anonymous_1)
FN:21,(anonymous_2)
FNF:3
FNH:1
FNDA:2,buildUserProfile
FNDA:0,(anonymous_1)
FNDA:0,(anonymous_2)
DA:1,11
DA:2,11
DA:5,2
DA:15,2
DA:17,1
DA:18,0
DA:20,1
DA:21,0
DA:24,1
DA:26,1
DA:34,11
LF:11
LH:9
BRDA:15,0,0,1
BRDA:15,0,1,1
BRDA:18,1,0,0
BRDA:18,1,1,0
BRDA:18,1,2,0
BRDA:21,2,0,0
BRDA:21,2,1,0
BRF:7
BRH:2
end_of_record
TN:
SF:src/services/statService.js
FN:1,startOfDay
FN:7,calculateCheckinStreak
FN:20,getBaseCheckinRewards
FN:30,applyInactivityDecay
FNF:4
FNH:4
FNDA:21,startOfDay
FNDA:5,calculateCheckinStreak
FNDA:5,getBaseCheckinRewards
FNDA:6,applyInactivityDecay
DA:2,21
DA:3,21
DA:4,21
DA:8,5
DA:10,3
DA:11,3
DA:12,3
DA:14,3
DA:15,2
DA:17,1
DA:21,5
DA:31,6
DA:32,6
DA:33,6
DA:34,6
DA:36,6
DA:37,5
DA:38,5
DA:40,6
DA:41,3
DA:42,3
DA:45,6
DA:48,13
LF:23
LH:23
BRDA:1,0,0,12
BRDA:8,1,0,2
BRDA:8,1,1,3
BRDA:14,2,0,1
BRDA:14,2,1,2
BRDA:15,3,0,1
BRDA:15,3,1,1
BRDA:25,4,0,2
BRDA:25,4,1,3
BRDA:36,5,0,5
BRDA:36,5,1,1
BRDA:40,6,0,3
BRDA:40,6,1,3
BRF:13
BRH:13
end_of_record
TN:
SF:src/services/supplementService.js
FN:3,getActiveSupplements
FN:16,hasCategory
FN:17,(anonymous_2)
FN:20,consumeShieldIfNeeded
FN:32,(anonymous_4)
FN:39,applyCheckinEffects
FN:71,expireSupplements
FNF:7
FNH:7
FNDA:1,getActiveSupplements
FNDA:36,hasCategory
FNDA:37,(anonymous_2)
FNDA:4,consumeShieldIfNeeded
FNDA:1,(anonymous_4)
FNDA:9,applyCheckinEffects
FNDA:1,expireSupplements
DA:1,13
DA:4,1
DA:5,1
DA:17,37
DA:21,4
DA:23,3
DA:24,3
DA:25,3
DA:27,3
DA:28,3
DA:30,3
DA:32,2
DA:33,2
DA:35,1
DA:36,1
DA:40,9
DA:41,9
DA:42,9
DA:43,9
DA:45,9
DA:46,3
DA:47,3
DA:49,9
DA:50,3
DA:51,3
DA:53,9
DA:54,2
DA:56,9
DA:57,2
DA:58,2
DA:59,2
DA:62,9
DA:72,1
DA:73,1
DA:79,13
LF:35
LH:35
BRDA:20,0,0,4
BRDA:21,1,0,1
BRDA:21,1,1,3
BRDA:21,2,0,4
BRDA:21,2,1,3
BRDA:30,3,0,1
BRDA:30,3,1,2
BRDA:33,4,0,1
BRDA:33,4,1,1
BRDA:45,5,0,3
BRDA:45,5,1,6
BRDA:49,6,0,3
BRDA:49,6,1,6
BRDA:53,7,0,2
BRDA:53,7,1,7
BRDA:56,8,0,2
BRDA:56,8,1,7
BRF:17
BRH:17
end_of_record
TN:
SF:src/services/xpService.js
FN:1,getAvatarClass
FN:8,applyXp
FNF:2
FNH:2
FNDA:26,getAvatarClass
FNDA:6,applyXp
DA:2,26
DA:3,23
DA:4,20
DA:5,13
DA:9,6
DA:10,6
DA:13,14
LF:7
LH:7
BRDA:2,0,0,3
BRDA:2,0,1,23
BRDA:3,1,0,3
BRDA:3,1,1,20
BRDA:4,2,0,7
BRDA:4,2,1,13
BRF:6
BRH:6
end_of_record
TN:
SF:src/utils/avatarOptions.js
FNF:0
FNH:0
DA:1,11
DA:83,11
LF:2
LH:2
BRF:0
BRH:0
end_of_record
TN:
SF:src/utils/prisma.js
FNF:0
FNH:0
DA:1,0
DA:3,0
DA:5,0
LF:3
LH:0
BRF:0
BRH:0
end_of_record
TN:
SF:src/utils/response.js
FN:1,ok
FN:5,fail
FNF:2
FNH:2
FNDA:41,ok
FNDA:73,fail
DA:2,41
DA:6,73
DA:9,12
LF:3
LH:3
BRDA:1,0,0,0
BRF:1
BRH:0
end_of_record
